Determining if the Q_WS_WIN exist failed with the following output:
Change Dir: /home/hpladds/Documents/Makers/Projects/PiBoo/pianobooster/pianobooster-code/PianoBooster/src/CMakeFiles/CMakeTmp

Run Build Command:"/usr/bin/make" "cmTC_0023b/fast"
/usr/bin/make -f CMakeFiles/cmTC_0023b.dir/build.make CMakeFiles/cmTC_0023b.dir/build
make[1]: Entering directory '/home/hpladds/Documents/Makers/Projects/PiBoo/pianobooster/pianobooster-code/PianoBooster/src/CMakeFiles/CMakeTmp'
Building CXX object CMakeFiles/cmTC_0023b.dir/CheckSymbolExists.cxx.o
/usr/bin/c++   -I/usr/include/qt4   -o CMakeFiles/cmTC_0023b.dir/CheckSymbolExists.cxx.o -c /home/hpladds/Documents/Makers/Projects/PiBoo/pianobooster/pianobooster-code/PianoBooster/src/CMakeFiles/CMakeTmp/CheckSymbolExists.cxx
/home/hpladds/Documents/Makers/Projects/PiBoo/pianobooster/pianobooster-code/PianoBooster/src/CMakeFiles/CMakeTmp/CheckSymbolExists.cxx: In function ‘int main(int, char**)’:
/home/hpladds/Documents/Makers/Projects/PiBoo/pianobooster/pianobooster-code/PianoBooster/src/CMakeFiles/CMakeTmp/CheckSymbolExists.cxx:8:19: error: ‘Q_WS_WIN’ was not declared in this scope
   return ((int*)(&Q_WS_WIN))[argc];
                   ^~~~~~~~
/home/hpladds/Documents/Makers/Projects/PiBoo/pianobooster/pianobooster-code/PianoBooster/src/CMakeFiles/CMakeTmp/CheckSymbolExists.cxx:8:19: note: suggested alternative: ‘Q_WS_X11’
   return ((int*)(&Q_WS_WIN))[argc];
                   ^~~~~~~~
                   Q_WS_X11
CMakeFiles/cmTC_0023b.dir/build.make:65: recipe for target 'CMakeFiles/cmTC_0023b.dir/CheckSymbolExists.cxx.o' failed
make[1]: *** [CMakeFiles/cmTC_0023b.dir/CheckSymbolExists.cxx.o] Error 1
make[1]: Leaving directory '/home/hpladds/Documents/Makers/Projects/PiBoo/pianobooster/pianobooster-code/PianoBooster/src/CMakeFiles/CMakeTmp'
Makefile:126: recipe for target 'cmTC_0023b/fast' failed
make: *** [cmTC_0023b/fast] Error 2

File /home/hpladds/Documents/Makers/Projects/PiBoo/pianobooster/pianobooster-code/PianoBooster/src/CMakeFiles/CMakeTmp/CheckSymbolExists.cxx:
/* */
#include <QtCore/qglobal.h>

int main(int argc, char** argv)
{
  (void)argv;
#ifndef Q_WS_WIN
  return ((int*)(&Q_WS_WIN))[argc];
#else
  (void)argc;
  return 0;
#endif
}

Determining if the Q_WS_QWS exist failed with the following output:
Change Dir: /home/hpladds/Documents/Makers/Projects/PiBoo/pianobooster/pianobooster-code/PianoBooster/src/CMakeFiles/CMakeTmp

Run Build Command:"/usr/bin/make" "cmTC_380a6/fast"
/usr/bin/make -f CMakeFiles/cmTC_380a6.dir/build.make CMakeFiles/cmTC_380a6.dir/build
make[1]: Entering directory '/home/hpladds/Documents/Makers/Projects/PiBoo/pianobooster/pianobooster-code/PianoBooster/src/CMakeFiles/CMakeTmp'
Building CXX object CMakeFiles/cmTC_380a6.dir/CheckSymbolExists.cxx.o
/usr/bin/c++   -I/usr/include/qt4   -o CMakeFiles/cmTC_380a6.dir/CheckSymbolExists.cxx.o -c /home/hpladds/Documents/Makers/Projects/PiBoo/pianobooster/pianobooster-code/PianoBooster/src/CMakeFiles/CMakeTmp/CheckSymbolExists.cxx
/home/hpladds/Documents/Makers/Projects/PiBoo/pianobooster/pianobooster-code/PianoBooster/src/CMakeFiles/CMakeTmp/CheckSymbolExists.cxx: In function ‘int main(int, char**)’:
/home/hpladds/Documents/Makers/Projects/PiBoo/pianobooster/pianobooster-code/PianoBooster/src/CMakeFiles/CMakeTmp/CheckSymbolExists.cxx:8:19: error: ‘Q_WS_QWS’ was not declared in this scope
   return ((int*)(&Q_WS_QWS))[argc];
                   ^~~~~~~~
/home/hpladds/Documents/Makers/Projects/PiBoo/pianobooster/pianobooster-code/PianoBooster/src/CMakeFiles/CMakeTmp/CheckSymbolExists.cxx:8:19: note: suggested alternative: ‘Q_WS_X11’
   return ((int*)(&Q_WS_QWS))[argc];
                   ^~~~~~~~
                   Q_WS_X11
CMakeFiles/cmTC_380a6.dir/build.make:65: recipe for target 'CMakeFiles/cmTC_380a6.dir/CheckSymbolExists.cxx.o' failed
make[1]: *** [CMakeFiles/cmTC_380a6.dir/CheckSymbolExists.cxx.o] Error 1
make[1]: Leaving directory '/home/hpladds/Documents/Makers/Projects/PiBoo/pianobooster/pianobooster-code/PianoBooster/src/CMakeFiles/CMakeTmp'
Makefile:126: recipe for target 'cmTC_380a6/fast' failed
make: *** [cmTC_380a6/fast] Error 2

File /home/hpladds/Documents/Makers/Projects/PiBoo/pianobooster/pianobooster-code/PianoBooster/src/CMakeFiles/CMakeTmp/CheckSymbolExists.cxx:
/* */
#include <QtCore/qglobal.h>

int main(int argc, char** argv)
{
  (void)argv;
#ifndef Q_WS_QWS
  return ((int*)(&Q_WS_QWS))[argc];
#else
  (void)argc;
  return 0;
#endif
}

Determining if the Q_WS_MAC exist failed with the following output:
Change Dir: /home/hpladds/Documents/Makers/Projects/PiBoo/pianobooster/pianobooster-code/PianoBooster/src/CMakeFiles/CMakeTmp

Run Build Command:"/usr/bin/make" "cmTC_538c1/fast"
/usr/bin/make -f CMakeFiles/cmTC_538c1.dir/build.make CMakeFiles/cmTC_538c1.dir/build
make[1]: Entering directory '/home/hpladds/Documents/Makers/Projects/PiBoo/pianobooster/pianobooster-code/PianoBooster/src/CMakeFiles/CMakeTmp'
Building CXX object CMakeFiles/cmTC_538c1.dir/CheckSymbolExists.cxx.o
/usr/bin/c++   -I/usr/include/qt4   -o CMakeFiles/cmTC_538c1.dir/CheckSymbolExists.cxx.o -c /home/hpladds/Documents/Makers/Projects/PiBoo/pianobooster/pianobooster-code/PianoBooster/src/CMakeFiles/CMakeTmp/CheckSymbolExists.cxx
/home/hpladds/Documents/Makers/Projects/PiBoo/pianobooster/pianobooster-code/PianoBooster/src/CMakeFiles/CMakeTmp/CheckSymbolExists.cxx: In function ‘int main(int, char**)’:
/home/hpladds/Documents/Makers/Projects/PiBoo/pianobooster/pianobooster-code/PianoBooster/src/CMakeFiles/CMakeTmp/CheckSymbolExists.cxx:8:19: error: ‘Q_WS_MAC’ was not declared in this scope
   return ((int*)(&Q_WS_MAC))[argc];
                   ^~~~~~~~
/home/hpladds/Documents/Makers/Projects/PiBoo/pianobooster/pianobooster-code/PianoBooster/src/CMakeFiles/CMakeTmp/CheckSymbolExists.cxx:8:19: note: suggested alternative: ‘Q_WS_X11’
   return ((int*)(&Q_WS_MAC))[argc];
                   ^~~~~~~~
                   Q_WS_X11
CMakeFiles/cmTC_538c1.dir/build.make:65: recipe for target 'CMakeFiles/cmTC_538c1.dir/CheckSymbolExists.cxx.o' failed
make[1]: *** [CMakeFiles/cmTC_538c1.dir/CheckSymbolExists.cxx.o] Error 1
make[1]: Leaving directory '/home/hpladds/Documents/Makers/Projects/PiBoo/pianobooster/pianobooster-code/PianoBooster/src/CMakeFiles/CMakeTmp'
Makefile:126: recipe for target 'cmTC_538c1/fast' failed
make: *** [cmTC_538c1/fast] Error 2

File /home/hpladds/Documents/Makers/Projects/PiBoo/pianobooster/pianobooster-code/PianoBooster/src/CMakeFiles/CMakeTmp/CheckSymbolExists.cxx:
/* */
#include <QtCore/qglobal.h>

int main(int argc, char** argv)
{
  (void)argv;
#ifndef Q_WS_MAC
  return ((int*)(&Q_WS_MAC))[argc];
#else
  (void)argc;
  return 0;
#endif
}

